<?xml version="1.0" encoding="UTF-8"?>
<!-- Generated by org.testng.reporters.JUnitXMLReporter -->
<testsuite ignored="0" hostname="DESKTOP-I0N9CSF" failures="0" tests="4" name="Accounts Page Test_chrome" time="7.58" errors="0" timestamp="2024-08-03T08:37:22 IST">
  <testcase classname="com.qa.fdc.tests.AccountPageTest" name="acountPageURLTest" time="0.034"/>
  <testcase classname="com.qa.fdc.tests.AccountPageTest" name="headerListTest" time="0.082"/>
  <testcase classname="com.qa.fdc.tests.AccountPageTest" name="linkExistTest" time="0.052"/>
  <testcase classname="com.qa.fdc.tests.AccountPageTest" name="logoutLinkTest" time="0.077"/>
</testsuite> <!-- Accounts Page Test_chrome -->
