<?xml version="1.0" encoding="UTF-8"?>
<!-- Generated by org.testng.reporters.JUnitXMLReporter -->
<testsuite ignored="0" hostname="DESKTOP-I0N9CSF" failures="0" tests="3" name="Product Info Page Test_chrome" time="9.811" errors="0" timestamp="2024-08-03T08:37:38 IST">
  <testcase classname="com.qa.fdc.tests.ProductInfoPagetest" name="headerTest" time="2.07"/>
  <testcase classname="com.qa.fdc.tests.ProductInfoPagetest" name="imageCounTest" time="1.129"/>
  <testcase classname="com.qa.fdc.tests.ProductInfoPagetest" name="productInfoTest" time="1.164"/>
</testsuite> <!-- Product Info Page Test_chrome -->
