<?xml version="1.0" encoding="UTF-8"?>
<!-- Generated by org.testng.reporters.JUnitXMLReporter -->
<testsuite ignored="0" hostname="DESKTOP-I0N9CSF" failures="0" tests="7" name="Search Result Page Test_chrome" time="9.628" errors="0" timestamp="2024-08-03T08:37:48 IST">
  <testcase classname="com.qa.fdc.tests.SearchResultTest" name="searchResultCountTest" time="0.827"/>
  <testcase classname="com.qa.fdc.tests.SearchResultTest" name="searchResultCountTest" time="0.8"/>
  <testcase classname="com.qa.fdc.tests.SearchResultTest" name="searchResultCountTest" time="0.854"/>
  <testcase classname="com.qa.fdc.tests.SearchResultTest" name="urlTest" time="0.568"/>
  <testcase classname="com.qa.fdc.tests.SearchResultTest" name="titleTest" time="0.019"/>
  <testcase classname="com.qa.fdc.tests.SearchResultTest" name="searchResultPageTest" time="0.046"/>
  <testcase classname="com.qa.fdc.tests.SearchResultTest" name="productsCountTest" time="0.015"/>
</testsuite> <!-- Search Result Page Test_chrome -->
