<?xml version="1.0" encoding="UTF-8"?>
<!-- Generated by org.testng.reporters.JUnitXMLReporter -->
<testsuite ignored="0" hostname="DESKTOP-I0N9CSF" failures="0" tests="4" name="Default test" time="16.49" errors="0" timestamp="2024-07-30T21:34:48 IST">
  <testcase classname="com.qa.fdc.tests.AccountPageTest" name="acountPageURLTest" time="0.023"/>
  <testcase classname="com.qa.fdc.tests.AccountPageTest" name="headerListTest" time="0.077"/>
  <testcase classname="com.qa.fdc.tests.AccountPageTest" name="linkExistTest" time="0.053"/>
  <testcase classname="com.qa.fdc.tests.AccountPageTest" name="logoutLinkTest" time="0.063"/>
</testsuite> <!-- Default test -->
