<?xml version="1.0" encoding="UTF-8"?>
<testng-results ignored="0" total="18" passed="18" failed="0" skipped="0">
  <reporter-output>
  </reporter-output>
  <suite started-at="2024-08-03T08:37:01 IST" name="Open Cart Regression Suite" finished-at="2024-08-03T08:37:48 IST" duration-ms="46567">
    <groups>
    </groups>
    <test started-at="2024-08-03T08:37:01 IST" name="Login Page Test chrome" finished-at="2024-08-03T08:37:14 IST" duration-ms="12265">
      <class name="com.qa.fdc.tests.LoginPageTest">
        <test-method is-config="true" signature="setup()[pri:0, instance:com.qa.fdc.tests.LoginPageTest@67774e29]" started-at="2024-08-03T08:37:01 IST" name="setup" finished-at="2024-08-03T08:37:11 IST" duration-ms="9751" status="PASS">
          <reporter-output>
          </reporter-output>
        </test-method> <!-- setup -->
        <test-method signature="loginPageTitle()[pri:1, instance:com.qa.fdc.tests.LoginPageTest@67774e29]" started-at="2024-08-03T08:37:11 IST" name="loginPageTitle" finished-at="2024-08-03T08:37:12 IST" duration-ms="174" status="PASS">
          <reporter-output>
          </reporter-output>
        </test-method> <!-- loginPageTitle -->
        <test-method signature="currentPageURLTest()[pri:2, instance:com.qa.fdc.tests.LoginPageTest@67774e29]" started-at="2024-08-03T08:37:12 IST" name="currentPageURLTest" finished-at="2024-08-03T08:37:12 IST" duration-ms="24" status="PASS">
          <reporter-output>
          </reporter-output>
        </test-method> <!-- currentPageURLTest -->
        <test-method signature="forgotPwdLinkTest()[pri:3, instance:com.qa.fdc.tests.LoginPageTest@67774e29]" started-at="2024-08-03T08:37:12 IST" name="forgotPwdLinkTest" finished-at="2024-08-03T08:37:12 IST" duration-ms="85" status="PASS">
          <reporter-output>
          </reporter-output>
        </test-method> <!-- forgotPwdLinkTest -->
        <test-method signature="loginTest()[pri:4, instance:com.qa.fdc.tests.LoginPageTest@67774e29]" started-at="2024-08-03T08:37:12 IST" name="loginTest" finished-at="2024-08-03T08:37:13 IST" duration-ms="1454" status="PASS">
          <reporter-output>
          </reporter-output>
        </test-method> <!-- loginTest -->
        <test-method is-config="true" signature="tearDown()[pri:0, instance:com.qa.fdc.tests.LoginPageTest@67774e29]" started-at="2024-08-03T08:37:13 IST" name="tearDown" finished-at="2024-08-03T08:37:14 IST" duration-ms="213" status="PASS">
          <reporter-output>
          </reporter-output>
        </test-method> <!-- tearDown -->
      </class> <!-- com.qa.fdc.tests.LoginPageTest -->
    </test> <!-- Login Page Test chrome -->
    <test started-at="2024-08-03T08:37:15 IST" name="Accounts Page Test_chrome" finished-at="2024-08-03T08:37:22 IST" duration-ms="7580">
      <class name="com.qa.fdc.tests.AccountPageTest">
        <test-method is-config="true" signature="setup()[pri:0, instance:com.qa.fdc.tests.AccountPageTest@19b206ee]" started-at="2024-08-03T08:37:15 IST" name="setup" finished-at="2024-08-03T08:37:21 IST" duration-ms="5948" status="PASS">
          <reporter-output>
          </reporter-output>
        </test-method> <!-- setup -->
        <test-method is-config="true" signature="accSetup()[pri:0, instance:com.qa.fdc.tests.AccountPageTest@19b206ee]" started-at="2024-08-03T08:37:21 IST" name="accSetup" finished-at="2024-08-03T08:37:22 IST" duration-ms="1131" status="PASS">
          <reporter-output>
          </reporter-output>
        </test-method> <!-- accSetup -->
        <test-method signature="acountPageURLTest()[pri:0, instance:com.qa.fdc.tests.AccountPageTest@19b206ee]" started-at="2024-08-03T08:37:22 IST" name="acountPageURLTest" finished-at="2024-08-03T08:37:22 IST" duration-ms="34" status="PASS">
          <reporter-output>
          </reporter-output>
        </test-method> <!-- acountPageURLTest -->
        <test-method signature="headerListTest()[pri:0, instance:com.qa.fdc.tests.AccountPageTest@19b206ee]" started-at="2024-08-03T08:37:22 IST" name="headerListTest" finished-at="2024-08-03T08:37:22 IST" duration-ms="82" status="PASS">
          <reporter-output>
          </reporter-output>
        </test-method> <!-- headerListTest -->
        <test-method signature="linkExistTest()[pri:0, instance:com.qa.fdc.tests.AccountPageTest@19b206ee]" started-at="2024-08-03T08:37:22 IST" name="linkExistTest" finished-at="2024-08-03T08:37:22 IST" duration-ms="52" status="PASS">
          <reporter-output>
          </reporter-output>
        </test-method> <!-- linkExistTest -->
        <test-method signature="logoutLinkTest()[pri:0, instance:com.qa.fdc.tests.AccountPageTest@19b206ee]" started-at="2024-08-03T08:37:22 IST" name="logoutLinkTest" finished-at="2024-08-03T08:37:22 IST" duration-ms="77" status="PASS">
          <reporter-output>
          </reporter-output>
        </test-method> <!-- logoutLinkTest -->
        <test-method is-config="true" signature="tearDown()[pri:0, instance:com.qa.fdc.tests.AccountPageTest@19b206ee]" started-at="2024-08-03T08:37:22 IST" name="tearDown" finished-at="2024-08-03T08:37:22 IST" duration-ms="183" status="PASS">
          <reporter-output>
          </reporter-output>
        </test-method> <!-- tearDown -->
      </class> <!-- com.qa.fdc.tests.AccountPageTest -->
    </test> <!-- Accounts Page Test_chrome -->
    <test started-at="2024-08-03T08:37:22 IST" name="Home Page Test_chrome" finished-at="2024-08-03T08:37:28 IST" duration-ms="6027">
      <class name="com.qa.fdc.tests.HomePageTest">
        <test-method is-config="true" signature="setup()[pri:0, instance:com.qa.fdc.tests.HomePageTest@670f2466]" started-at="2024-08-03T08:37:22 IST" name="setup" finished-at="2024-08-03T08:37:28 IST" duration-ms="5815" status="PASS">
          <reporter-output>
          </reporter-output>
        </test-method> <!-- setup -->
        <test-method is-config="true" signature="tearDown()[pri:0, instance:com.qa.fdc.tests.HomePageTest@670f2466]" started-at="2024-08-03T08:37:28 IST" name="tearDown" finished-at="2024-08-03T08:37:28 IST" duration-ms="212" status="PASS">
          <reporter-output>
          </reporter-output>
        </test-method> <!-- tearDown -->
      </class> <!-- com.qa.fdc.tests.HomePageTest -->
    </test> <!-- Home Page Test_chrome -->
    <test started-at="2024-08-03T08:37:28 IST" name="Product Info Page Test_chrome" finished-at="2024-08-03T08:37:38 IST" duration-ms="9811">
      <class name="com.qa.fdc.tests.ProductInfoPagetest">
        <test-method is-config="true" signature="setup()[pri:0, instance:com.qa.fdc.tests.ProductInfoPagetest@6690b9fa]" started-at="2024-08-03T08:37:28 IST" name="setup" finished-at="2024-08-03T08:37:33 IST" duration-ms="4173" status="PASS">
          <reporter-output>
          </reporter-output>
        </test-method> <!-- setup -->
        <test-method is-config="true" signature="accSetup()[pri:0, instance:com.qa.fdc.tests.ProductInfoPagetest@6690b9fa]" started-at="2024-08-03T08:37:33 IST" name="accSetup" finished-at="2024-08-03T08:37:34 IST" duration-ms="1066" status="PASS">
          <reporter-output>
          </reporter-output>
        </test-method> <!-- accSetup -->
        <test-method signature="headerTest()[pri:0, instance:com.qa.fdc.tests.ProductInfoPagetest@6690b9fa]" started-at="2024-08-03T08:37:34 IST" name="headerTest" finished-at="2024-08-03T08:37:36 IST" duration-ms="2070" status="PASS">
          <reporter-output>
          </reporter-output>
        </test-method> <!-- headerTest -->
        <test-method signature="imageCounTest()[pri:0, instance:com.qa.fdc.tests.ProductInfoPagetest@6690b9fa]" started-at="2024-08-03T08:37:36 IST" name="imageCounTest" finished-at="2024-08-03T08:37:37 IST" duration-ms="1129" status="PASS">
          <reporter-output>
          </reporter-output>
        </test-method> <!-- imageCounTest -->
        <test-method signature="productInfoTest()[pri:0, instance:com.qa.fdc.tests.ProductInfoPagetest@6690b9fa]" started-at="2024-08-03T08:37:37 IST" name="productInfoTest" finished-at="2024-08-03T08:37:38 IST" duration-ms="1164" status="PASS">
          <reporter-output>
          </reporter-output>
        </test-method> <!-- productInfoTest -->
        <test-method is-config="true" signature="tearDown()[pri:0, instance:com.qa.fdc.tests.ProductInfoPagetest@6690b9fa]" started-at="2024-08-03T08:37:38 IST" name="tearDown" finished-at="2024-08-03T08:37:38 IST" duration-ms="162" status="PASS">
          <reporter-output>
          </reporter-output>
        </test-method> <!-- tearDown -->
      </class> <!-- com.qa.fdc.tests.ProductInfoPagetest -->
    </test> <!-- Product Info Page Test_chrome -->
    <test started-at="2024-08-03T08:37:38 IST" name="Search Result Page Test_chrome" finished-at="2024-08-03T08:37:48 IST" duration-ms="9628">
      <class name="com.qa.fdc.tests.SearchResultTest">
        <test-method is-config="true" signature="setup()[pri:0, instance:com.qa.fdc.tests.SearchResultTest@4130955c]" started-at="2024-08-03T08:37:38 IST" name="setup" finished-at="2024-08-03T08:37:43 IST" duration-ms="5037" status="PASS">
          <reporter-output>
          </reporter-output>
        </test-method> <!-- setup -->
        <test-method is-config="true" signature="SearchResultPageTest()[pri:0, instance:com.qa.fdc.tests.SearchResultTest@4130955c]" started-at="2024-08-03T08:37:43 IST" name="SearchResultPageTest" finished-at="2024-08-03T08:37:45 IST" duration-ms="1202" status="PASS">
          <reporter-output>
          </reporter-output>
        </test-method> <!-- SearchResultPageTest -->
        <test-method signature="searchResultCountTest(java.lang.String,int)[pri:0, instance:com.qa.fdc.tests.SearchResultTest@4130955c]" started-at="2024-08-03T08:37:45 IST" name="searchResultCountTest" data-provider="getproductCountdata" finished-at="2024-08-03T08:37:45 IST" duration-ms="827" status="PASS">
          <params>
            <param index="0">
              <value>
                <![CDATA[Samsung]]>
              </value>
            </param>
            <param index="1">
              <value>
                <![CDATA[2]]>
              </value>
            </param>
          </params>
          <reporter-output>
          </reporter-output>
        </test-method> <!-- searchResultCountTest -->
        <test-method signature="searchResultCountTest(java.lang.String,int)[pri:0, instance:com.qa.fdc.tests.SearchResultTest@4130955c]" started-at="2024-08-03T08:37:45 IST" name="searchResultCountTest" data-provider="getproductCountdata" finished-at="2024-08-03T08:37:46 IST" duration-ms="800" status="PASS">
          <params>
            <param index="0">
              <value>
                <![CDATA[imac]]>
              </value>
            </param>
            <param index="1">
              <value>
                <![CDATA[1]]>
              </value>
            </param>
          </params>
          <reporter-output>
          </reporter-output>
        </test-method> <!-- searchResultCountTest -->
        <test-method signature="searchResultCountTest(java.lang.String,int)[pri:0, instance:com.qa.fdc.tests.SearchResultTest@4130955c]" started-at="2024-08-03T08:37:46 IST" name="searchResultCountTest" data-provider="getproductCountdata" finished-at="2024-08-03T08:37:47 IST" duration-ms="854" status="PASS">
          <params>
            <param index="0">
              <value>
                <![CDATA[macbook]]>
              </value>
            </param>
            <param index="1">
              <value>
                <![CDATA[3]]>
              </value>
            </param>
          </params>
          <reporter-output>
          </reporter-output>
        </test-method> <!-- searchResultCountTest -->
        <test-method signature="urlTest()[pri:1, instance:com.qa.fdc.tests.SearchResultTest@4130955c]" started-at="2024-08-03T08:37:47 IST" name="urlTest" finished-at="2024-08-03T08:37:48 IST" duration-ms="568" status="PASS">
          <reporter-output>
          </reporter-output>
        </test-method> <!-- urlTest -->
        <test-method signature="titleTest()[pri:2, instance:com.qa.fdc.tests.SearchResultTest@4130955c]" started-at="2024-08-03T08:37:48 IST" name="titleTest" finished-at="2024-08-03T08:37:48 IST" duration-ms="19" status="PASS">
          <reporter-output>
          </reporter-output>
        </test-method> <!-- titleTest -->
        <test-method signature="searchResultPageTest()[pri:3, instance:com.qa.fdc.tests.SearchResultTest@4130955c]" started-at="2024-08-03T08:37:48 IST" name="searchResultPageTest" finished-at="2024-08-03T08:37:48 IST" duration-ms="46" status="PASS">
          <reporter-output>
          </reporter-output>
        </test-method> <!-- searchResultPageTest -->
        <test-method signature="productsCountTest()[pri:4, instance:com.qa.fdc.tests.SearchResultTest@4130955c]" started-at="2024-08-03T08:37:48 IST" name="productsCountTest" finished-at="2024-08-03T08:37:48 IST" duration-ms="15" status="PASS">
          <reporter-output>
          </reporter-output>
        </test-method> <!-- productsCountTest -->
        <test-method is-config="true" signature="tearDown()[pri:0, instance:com.qa.fdc.tests.SearchResultTest@4130955c]" started-at="2024-08-03T08:37:48 IST" name="tearDown" finished-at="2024-08-03T08:37:48 IST" duration-ms="185" status="PASS">
          <reporter-output>
          </reporter-output>
        </test-method> <!-- tearDown -->
      </class> <!-- com.qa.fdc.tests.SearchResultTest -->
    </test> <!-- Search Result Page Test_chrome -->
  </suite> <!-- Open Cart Regression Suite -->
</testng-results>
