<?xml version="1.0" encoding="UTF-8"?>
<!-- Generated by org.testng.reporters.JUnitXMLReporter -->
<testsuite ignored="0" hostname="DESKTOP-I0N9CSF" failures="0" tests="4" name="Accounts Page Test_chrome" time="13.724" errors="0" timestamp="2024-07-30T22:41:21 IST">
  <testcase classname="com.qa.fdc.tests.AccountPageTest" name="acountPageURLTest" time="0.02"/>
  <testcase classname="com.qa.fdc.tests.AccountPageTest" name="headerListTest" time="0.119"/>
  <testcase classname="com.qa.fdc.tests.AccountPageTest" name="linkExistTest" time="0.073"/>
  <testcase classname="com.qa.fdc.tests.AccountPageTest" name="logoutLinkTest" time="0.092"/>
</testsuite> <!-- Accounts Page Test_chrome -->
