<?xml version="1.0" encoding="UTF-8"?>
<!-- Generated by org.testng.reporters.JUnitXMLReporter -->
<testsuite ignored="0" hostname="DESKTOP-I0N9CSF" failures="0" tests="3" name="Product Info Page Test_chrome" time="21.549" errors="0" timestamp="2024-07-30T22:41:51 IST">
  <testcase classname="com.qa.fdc.tests.ProductInfoPagetest" name="headerTest" time="2.851"/>
  <testcase classname="com.qa.fdc.tests.ProductInfoPagetest" name="imageCounTest" time="1.743"/>
  <testcase classname="com.qa.fdc.tests.ProductInfoPagetest" name="productInfoTest" time="2.005"/>
</testsuite> <!-- Product Info Page Test_chrome -->
