<?xml version="1.0" encoding="UTF-8"?>
<!-- Generated by org.testng.reporters.JUnitXMLReporter -->
<testsuite ignored="0" hostname="DESKTOP-I0N9CSF" failures="0" tests="7" name="Search Result Page Test_chrome" time="16.015" errors="0" timestamp="2024-07-30T22:42:07 IST">
  <testcase classname="com.qa.fdc.tests.SearchResultTest" name="searchResultCountTest" time="1.02"/>
  <testcase classname="com.qa.fdc.tests.SearchResultTest" name="searchResultCountTest" time="0.974"/>
  <testcase classname="com.qa.fdc.tests.SearchResultTest" name="searchResultCountTest" time="1.762"/>
  <testcase classname="com.qa.fdc.tests.SearchResultTest" name="urlTest" time="0.811"/>
  <testcase classname="com.qa.fdc.tests.SearchResultTest" name="titleTest" time="0.028"/>
  <testcase classname="com.qa.fdc.tests.SearchResultTest" name="searchResultPageTest" time="0.062"/>
  <testcase classname="com.qa.fdc.tests.SearchResultTest" name="productsCountTest" time="0.017"/>
</testsuite> <!-- Search Result Page Test_chrome -->
